scons: done reading SConscript files.
scons: Cleaning targets ...
Removed output\objs\ASW\ASW_Dem\DemSwc_RE_CSDataElementClass_VehicleSpeed_ReadData_func.o
Removed output\objs\ASW\ASW_Dem\DemSwc_RE_CSDataElementClass_SystemFaultRank_ReadData_func.o
Removed output\objs\ASW\ASW_Dem\DemSwc_RE_Dem_SWC_func.o
Removed output\objs\ASW\ASW_Diag\Diag_security.o
Removed output\objs\ASW\ASW_Diag\stub_diag.o
Removed output\objs\ASW\ASW_Diag\SWC_Diag.o
Removed output\objs\ASW\ASW_NM\ASW_NM.o
Removed output\objs\ASW\ASW_NVM\ASW_NVM.o
Removed output\objs\ASW\ASW_WDG\ASW_WDG.o
Removed output\objs\ASW\ASW_XCP\SWC_XCP.o
Removed output\objs\BSW\src\BSW\Gen\Bfx\Bfx_GetVersionInfo.o
Removed output\objs\BSW\src\BSW\Gen\Bfx\Bfx_Bit.o
Removed output\objs\BSW\src\BSW\Gen\Bfx\Bfx_TstParityEven_u32_u8.o
Removed output\objs\BSW\src\BSW\Gen\Bfx\Bfx_TstParityEven_u16_u8.o
Removed output\objs\BSW\src\BSW\Gen\Bfx\Bfx_TstParityEven_u8_u8.o
Removed output\objs\BSW\src\BSW\Gen\BswM\BswM.o
Removed output\objs\BSW\src\BSW\Gen\BswM\BswM_ComM.o
Removed output\objs\BSW\src\BSW\Gen\BswM\BswM_CanSM.o
Removed output\objs\BSW\src\BSW\Gen\BswM\BswM_DCM.o
Removed output\objs\BSW\src\BSW\Gen\BswM\BswM_EcuM.o
Removed output\objs\BSW\src\BSW\Gen\BswM\BswM_EthSM.o
Removed output\objs\BSW\src\BSW\Gen\BswM\BswM_EthIf.o
Removed output\objs\BSW\src\BSW\Gen\BswM\BswM_FrSM.o
Removed output\objs\BSW\src\BSW\Gen\BswM\BswM_J1939Dcm.o
Removed output\objs\BSW\src\BSW\Gen\BswM\BswM_Generic.o
Removed output\objs\BSW\src\BSW\Gen\BswM\BswM_J1939Nm.o
Removed output\objs\BSW\src\BSW\Gen\BswM\BswM_LinSM.o
Removed output\objs\BSW\src\BSW\Gen\BswM\BswM_Nm.o
Removed output\objs\BSW\src\BSW\Gen\BswM\BswM_LinTp.o
Removed output\objs\BSW\src\BSW\Gen\BswM\BswM_Prv.o
Removed output\objs\BSW\src\BSW\Gen\BswM\BswM_NvM.o
Removed output\objs\BSW\src\BSW\Gen\BswM\BswM_Prv_AL.o
Removed output\objs\BSW\src\BSW\Gen\BswM\BswM_Prv_AC.o
Removed output\objs\BSW\src\BSW\Gen\BswM\BswM_Prv_MRP.o
Removed output\objs\BSW\src\BSW\Gen\BswM\BswM_Prv_IntrptQueue.o
Removed output\objs\BSW\src\BSW\Gen\BswM\BswM_Prv_ProcessDelayedReqst.o
Removed output\objs\BSW\src\BSW\Gen\BswM\BswM_Prv_ProcessDeferredRequest.o
Removed output\objs\BSW\src\BSW\Gen\BswM\BswM_Prv_RL.o
Removed output\objs\BSW\src\BSW\Gen\BswM\BswM_WdgM.o
Removed output\objs\BSW\src\BSW\Gen\BswM\BswM_Sd.o
Removed output\objs\BSW\src\BSW\Gen\CanIf\CanIf_GetVersionInfo.o
Removed output\objs\BSW\src\BSW\Gen\CanIf\CanIf_Baudrate.o
Removed output\objs\BSW\src\BSW\Gen\CanIf\CanIf_GetTxConfirmationState.o
Removed output\objs\BSW\src\BSW\Gen\CanIf\CanIf_Controller.o
Removed output\objs\BSW\src\BSW\Gen\CanIf\CanIf_Prv.o
Removed output\objs\BSW\src\BSW\Gen\CanIf\CanIf_PduMode.o
Removed output\objs\BSW\src\BSW\Gen\CanIf\CanIf_Init.o
Removed output\objs\BSW\src\BSW\Gen\CanIf\CanIf_Prv_Buffer.o
Removed output\objs\BSW\src\BSW\Gen\CanIf\CanIf_Rb_Apis.o
Removed output\objs\BSW\src\BSW\Gen\CanIf\CanIf_RxIndication.o
Removed output\objs\BSW\src\BSW\Gen\CanIf\CanIf_ReadRxPduData.o
Removed output\objs\BSW\src\BSW\Gen\CanIf\CanIf_ReadNotifStatus.o
Removed output\objs\BSW\src\BSW\Gen\CanIf\CanIf_SetDynamicTxId.o
Removed output\objs\BSW\src\BSW\Gen\CanIf\CanIf_TriggerTransmit.o
Removed output\objs\BSW\src\BSW\Gen\CanIf\CanIf_Transmit.o
Removed output\objs\BSW\src\BSW\Gen\CanIf\CanIf_Transceiver.o
Removed output\objs\BSW\src\BSW\Gen\CanIf\CanIf_XCore.o
Removed output\objs\BSW\src\BSW\Gen\CanIf\CanIf_Wakeup.o
Removed output\objs\BSW\src\BSW\Gen\CanIf\CanIf_TxConfirmation.o
Removed output\objs\BSW\src\BSW\Gen\CanNm\CanNm_ChangeState.o
Removed output\objs\BSW\src\BSW\Gen\CanNm\CanNm.o
Removed output\objs\BSW\src\BSW\Gen\CanNm\CanNm_ConfirmPnAvailability.o
Removed output\objs\BSW\src\BSW\Gen\CanNm\CanNm_CheckRemoteSleepIndication.o
Removed output\objs\BSW\src\BSW\Gen\CanNm\CanNm_DisableCommunication.o
Removed output\objs\BSW\src\BSW\Gen\CanNm\CanNm_GetLocalNodeIdentifier.o
Removed output\objs\BSW\src\BSW\Gen\CanNm\CanNm_EnableCommunication.o
Removed output\objs\BSW\src\BSW\Gen\CanNm\CanNm_GetNodeIdentifier.o
Removed output\objs\BSW\src\BSW\Gen\CanNm\CanNm_GetUserData.o
Removed output\objs\BSW\src\BSW\Gen\CanNm\CanNm_GetState.o
Removed output\objs\BSW\src\BSW\Gen\CanNm\CanNm_GetPduData.o
Removed output\objs\BSW\src\BSW\Gen\CanNm\CanNm_GetVersionInfo.o
Removed output\objs\BSW\src\BSW\Gen\CanNm\CanNm_NetworkRequest.o
Removed output\objs\BSW\src\BSW\Gen\CanNm\CanNm_NetworkRelease.o
Removed output\objs\BSW\src\BSW\Gen\CanNm\CanNm_Init.o
Removed output\objs\BSW\src\BSW\Gen\CanNm\CanNm_PassiveStartup.o
Removed output\objs\BSW\src\BSW\Gen\CanNm\CanNm_RxIndication.o
Removed output\objs\BSW\src\BSW\Gen\CanNm\CanNm_RequestBusSynchronization.o
Removed output\objs\BSW\src\BSW\Gen\CanNm\CanNm_RepeatMessageRequest.o
Removed output\objs\BSW\src\BSW\Gen\CanNm\CanNm_SetSleepReadyBit.o
Removed output\objs\BSW\src\BSW\Gen\CanNm\CanNm_Transmit.o
Removed output\objs\BSW\src\BSW\Gen\CanNm\CanNm_StartTransmission.o
Removed output\objs\BSW\src\BSW\Gen\CanNm\CanNm_SetUserData.o
Removed output\objs\BSW\src\BSW\Gen\CanNm\CanNm_TxConfirmation.o
Removed output\objs\BSW\src\BSW\Gen\CanSM\CanSM_CheckTransceiverWakeFlagIndication.o
Removed output\objs\BSW\src\BSW\Gen\CanSM\CanSM_ConfirmPnAvailability.o
Removed output\objs\BSW\src\BSW\Gen\CanSM\CanSM_ClearTrcvWufFlagIndication.o
Removed output\objs\BSW\src\BSW\Gen\CanSM\CanSM_ControllerModeIndication.o
Removed output\objs\BSW\src\BSW\Gen\CanSM\CanSM_ControllerBusoff.o
Removed output\objs\BSW\src\BSW\Gen\CanSM\CanSM_GetVersionInfo.o
Removed output\objs\BSW\src\BSW\Gen\CanSM\CanSM_GetCurrentComMode.o
Removed output\objs\BSW\src\BSW\Gen\CanSM\CanSM_InternalStateTransition.o
Removed output\objs\BSW\src\BSW\Gen\CanSM\CanSM_Init.o
Removed output\objs\BSW\src\BSW\Gen\CanSM\CanSM_NetworkModes.o
Removed output\objs\BSW\src\BSW\Gen\CanSM\CanSM_Main.o
Removed output\objs\BSW\src\BSW\Gen\CanSM\CanSM_SetBaudrate.o
Removed output\objs\BSW\src\BSW\Gen\CanSM\CanSM_RequestComMode.o
Removed output\objs\BSW\src\BSW\Gen\CanSM\CanSM_StartWakeupSource.o
Removed output\objs\BSW\src\BSW\Gen\CanSM\CanSM_SetEcuPassive.o
Removed output\objs\BSW\src\BSW\Gen\CanSM\CanSM_TransceiverModeIndication.o
Removed output\objs\BSW\src\BSW\Gen\CanSM\CanSM_StopWakeupSource.o
Removed output\objs\BSW\src\BSW\Gen\CanSM\CanSM_TxTimeoutException.o
Removed output\objs\BSW\src\BSW\Gen\CanTp\CanTp_Prv.o
Removed output\objs\BSW\src\BSW\Gen\CanTp\CanTp.o
Removed output\objs\BSW\src\BSW\Gen\Com\Com_BusLoadManagement.o
Removed output\objs\BSW\src\BSW\Gen\Com\Com_ByteCopy.o
Removed output\objs\BSW\src\BSW\Gen\Com\Com_CopyRxData.o
Removed output\objs\BSW\src\BSW\Gen\Com\Com_ByteCopyInit.o
Removed output\objs\BSW\src\BSW\Gen\Com\Com_DeInit.o
Removed output\objs\BSW\src\BSW\Gen\Com\Com_CopyTxData.o
Removed output\objs\BSW\src\BSW\Gen\Com\Com_Filter.o
Removed output\objs\BSW\src\BSW\Gen\Com\Com_EnableRxDm.o
Removed output\objs\BSW\src\BSW\Gen\Com\Com_GetVersionInfo.o
Removed output\objs\BSW\src\BSW\Gen\Com\Com_GetStatus.o
Removed output\objs\BSW\src\BSW\Gen\Com\Com_InvalidateShadowSignal.o
Removed output\objs\BSW\src\BSW\Gen\Com\Com_Init.o
Removed output\objs\BSW\src\BSW\Gen\Com\Com_InvalidateSignalGroup.o
Removed output\objs\BSW\src\BSW\Gen\Com\Com_InvalidateSignal.o
Removed output\objs\BSW\src\BSW\Gen\Com\Com_IpduGroupStop.o
Removed output\objs\BSW\src\BSW\Gen\Com\Com_IpduGroupStart.o
Removed output\objs\BSW\src\BSW\Gen\Com\Com_MainFunctionRx.o
Removed output\objs\BSW\src\BSW\Gen\Com\Com_MainFunctionRouteSignals.o
Removed output\objs\BSW\src\BSW\Gen\Com\Com_MainFunctionTx.o
Removed output\objs\BSW\src\BSW\Gen\Com\Com_ProcessSignal.o
Removed output\objs\BSW\src\BSW\Gen\Com\Com_PackSignal.o
Removed output\objs\BSW\src\BSW\Gen\Com\Com_PackGwMappings.o
Removed output\objs\BSW\src\BSW\Gen\Com\Com_ProcessSignalGroup.o
Removed output\objs\BSW\src\BSW\Gen\Com\Com_ReceiveSignal.o
Removed output\objs\BSW\src\BSW\Gen\Com\Com_ReceiveShadowSignal.o
Removed output\objs\BSW\src\BSW\Gen\Com\Com_ReceiveDynSignal.o
Removed output\objs\BSW\src\BSW\Gen\Com\Com_ReceiveSignalGroup.o
Removed output\objs\BSW\src\BSW\Gen\Com\Com_RxIndication.o
Removed output\objs\BSW\src\BSW\Gen\Com\Com_ReceiveSignalGroupArray.o
Removed output\objs\BSW\src\BSW\Gen\Com\Com_SendIpdu.o
Removed output\objs\BSW\src\BSW\Gen\Com\Com_SendDynSignal.o
Removed output\objs\BSW\src\BSW\Gen\Com\Com_SendSignalGroup.o
Removed output\objs\BSW\src\BSW\Gen\Com\Com_SendSignal.o
Removed output\objs\BSW\src\BSW\Gen\Com\Com_ShadowBuffToIpduBuff.o
Removed output\objs\BSW\src\BSW\Gen\Com\Com_SendSignalGroupArray.o
Removed output\objs\BSW\src\BSW\Gen\Com\Com_StartOfReception.o
Removed output\objs\BSW\src\BSW\Gen\Com\Com_SwitchIpduTxMode.o
Removed output\objs\BSW\src\BSW\Gen\Com\Com_TpRxIndication.o
Removed output\objs\BSW\src\BSW\Gen\Com\Com_TriggerIPDUSend.o
Removed output\objs\BSW\src\BSW\Gen\Com\Com_TpTxConfirmation.o
Removed output\objs\BSW\src\BSW\Gen\Com\Com_TriggerIPDUSendWithMetaData.o
Removed output\objs\BSW\src\BSW\Gen\Com\Com_TxChangeMode.o
Removed output\objs\BSW\src\BSW\Gen\Com\Com_TriggerTransmit.o
Removed output\objs\BSW\src\BSW\Gen\Com\Com_UnpackSignal.o
Removed output\objs\BSW\src\BSW\Gen\Com\Com_TxConfirmation.o
Removed output\objs\BSW\src\BSW\Gen\Com\Com_UpdateShadowSignal.o
Removed output\objs\BSW\src\BSW\Gen\ComM\ComM_Dcm_ActiveDiagnostic.o
Removed output\objs\BSW\src\BSW\Gen\ComM\ComM.o
Removed output\objs\BSW\src\BSW\Gen\ComM\ComM_CommunicationAllowed.o
Removed output\objs\BSW\src\BSW\Gen\ComM\ComM_BusSM_ModeIndication.o
Removed output\objs\BSW\src\BSW\Gen\ComM\ComM_EcuM_WakeupIndication.o
Removed output\objs\BSW\src\BSW\Gen\ComM\ComM_EcuM_PNCWakeUpIndication.o
Removed output\objs\BSW\src\BSW\Gen\ComM\ComM_DeInit.o
Removed output\objs\BSW\src\BSW\Gen\ComM\ComM_Dcm_InactiveDiagnostic.o
Removed output\objs\BSW\src\BSW\Gen\ComM\ComM_GetInhibitionStatus.o
Removed output\objs\BSW\src\BSW\Gen\ComM\ComM_GetCurrentComMode.o
Removed output\objs\BSW\src\BSW\Gen\ComM\ComM_GetRequestedComMode.o
Removed output\objs\BSW\src\BSW\Gen\ComM\ComM_GetMaxComMode.o
Removed output\objs\BSW\src\BSW\Gen\ComM\ComM_GetStatus.o
Removed output\objs\BSW\src\BSW\Gen\ComM\ComM_GetState.o
Removed output\objs\BSW\src\BSW\Gen\ComM\ComM_Init.o
Removed output\objs\BSW\src\BSW\Gen\ComM\ComM_GetVersionInfo.o
Removed output\objs\BSW\src\BSW\Gen\ComM\ComM_LChannelMainFunction.o
Removed output\objs\BSW\src\BSW\Gen\ComM\ComM_LimitChannelToNoComMode.o
Removed output\objs\BSW\src\BSW\Gen\ComM\ComM_LPncMainFunction.o
Removed output\objs\BSW\src\BSW\Gen\ComM\ComM_LimitECUToNoComMode.o
Removed output\objs\BSW\src\BSW\Gen\ComM\ComM_Nm_BusSleepMode.o
Removed output\objs\BSW\src\BSW\Gen\ComM\ComM_LUpdateFullComRequestors.o
Removed output\objs\BSW\src\BSW\Gen\ComM\ComM_Nm_NetworkStartIndication.o
Removed output\objs\BSW\src\BSW\Gen\ComM\ComM_Nm_NetworkMode.o
Removed output\objs\BSW\src\BSW\Gen\ComM\ComM_Nm_RestartIndication.o
Removed output\objs\BSW\src\BSW\Gen\ComM\ComM_Nm_PrepareBusSleepMode.o
Removed output\objs\BSW\src\BSW\Gen\ComM\ComM_ReadInhibitCounter.o
Removed output\objs\BSW\src\BSW\Gen\ComM\ComM_PreventWakeUp.o
Removed output\objs\BSW\src\BSW\Gen\ComM\ComM_ResetInhibitCounter.o
Removed output\objs\BSW\src\BSW\Gen\ComM\ComM_RequestComMode.o
Removed output\objs\BSW\src\BSW\Gen\ComM\ComM_SetECUGroupClassification.o
Removed output\objs\BSW\src\BSW\Gen\Dcm\src\DcmCore\DcmCore_DslDsd_ConfirmRespPend.o
Removed output\objs\BSW\src\BSW\Gen\Dcm\src\DcmCore\DcmCore_DslDsd_BootLoader.o
Removed output\objs\BSW\src\BSW\Gen\Dcm\src\DcmCore\DcmCore_DslDsd_PrepareKwpTimingValues.o
Removed output\objs\BSW\src\BSW\Gen\Dcm\src\DcmCore\DcmCore_DslDsd_GetKwpTimingValues.o
Removed output\objs\BSW\src\BSW\Gen\Dcm\src\DcmCore\DcmCore_DslDsd_RestoreSecaTimer.o
Removed output\objs\BSW\src\BSW\Gen\Dcm\src\DcmCore\DcmCore_DslDsd_RestartP3Timer.o
Removed output\objs\BSW\src\BSW\Gen\Dcm\src\DcmCore\DcmCore_DslDsd_SetKwpTimingValues.o
Removed output\objs\BSW\src\BSW\Gen\Dcm\src\DcmCore\DcmCore_DslDsd_SetKwpDefaultTimingValues.o
Removed output\objs\BSW\src\BSW\Gen\Dcm\src\DcmCore\DcmCore_DslDsd_SetP3MaxMonitoring.o
Removed output\objs\BSW\src\BSW\Gen\Dcm\src\DcmCore\DcmCore_DslDsd_InternalApi.o
Removed output\objs\BSW\src\BSW\Gen\Dcm\src\DcmCore\DcmCore_DslDsd_WarmStart.o
Removed output\objs\BSW\src\BSW\Gen\Dcm\src\DcmCore\DcmCore_DslDsd_SetServiceTable.o
Removed output\objs\BSW\src\BSW\Gen\Dcm\src\DcmCore\DcmCore_DslDsd_SignalLib.o
Removed output\objs\BSW\src\BSW\Gen\Dcm\src\DcmCore\DcmCore_Main.o
Removed output\objs\BSW\src\BSW\Gen\Dcm\src\DcmCore\DcmCore_Main_Init.o
Removed output\objs\BSW\src\BSW\Gen\Dcm\src\DcmDsp\DcmDspObd_Mode1.o
Removed output\objs\BSW\src\BSW\Gen\Dcm\src\DcmDsp\DcmDspUds_Memaddress_Calc.o
Removed output\objs\BSW\src\BSW\Gen\Dcm\src\DcmDsp\DcmDspObd_Mode37A.o
Removed output\objs\BSW\src\BSW\Gen\Dcm\src\DcmDsp\DcmDspObd_Mode2.o
Removed output\objs\BSW\src\BSW\Gen\Dcm\src\DcmDsp\DcmDspObd_Mode6.o
Removed output\objs\BSW\src\BSW\Gen\Dcm\src\DcmDsp\DcmDspObd_Mode4.o
Removed output\objs\BSW\src\BSW\Gen\Dcm\src\DcmDsp\DcmDspObd_Mode8.o
Removed output\objs\BSW\src\BSW\Gen\Dcm\src\DcmDsp\DcmDspUds_CC.o
Removed output\objs\BSW\src\BSW\Gen\Dcm\src\DcmDsp\DcmDspObd_Mode9.o
Removed output\objs\BSW\src\BSW\Gen\Dcm\src\DcmDsp\DcmDspUds_Dddi.o
Removed output\objs\BSW\src\BSW\Gen\Dcm\src\DcmDsp\DcmDspUds_Cdtcs.o
Removed output\objs\BSW\src\BSW\Gen\Dcm\src\DcmDsp\DcmDspUds_Cdi.o
Removed output\objs\BSW\src\BSW\Gen\Dcm\src\DcmDsp\DcmDspUds_Did_Support.o
Removed output\objs\BSW\src\BSW\Gen\Dcm\src\DcmDsp\DcmDspUds_Dsc.o
Removed output\objs\BSW\src\BSW\Gen\Dcm\src\DcmDsp\DcmDspUds_Er.o
Removed output\objs\BSW\src\BSW\Gen\Dcm\src\DcmDsp\DcmDspUds_GetVIN.o
Removed output\objs\BSW\src\BSW\Gen\Dcm\src\DcmDsp\DcmDspUds_Rc.o
Removed output\objs\BSW\src\BSW\Gen\Dcm\src\DcmDsp\DcmDspUds_Iocbi.o
Removed output\objs\BSW\src\BSW\Gen\Dcm\src\DcmDsp\DcmDspUds_Rdbi.o
Removed output\objs\BSW\src\BSW\Gen\Dcm\src\DcmDsp\DcmDspUds_Rdtc.o
Removed output\objs\BSW\src\BSW\Gen\Dcm\src\DcmDsp\DcmDspUds_Rdpi.o
Removed output\objs\BSW\src\BSW\Gen\Dcm\src\DcmDsp\DcmDspUds_Rdtc_RepDataRecordByDTC.o
Removed output\objs\BSW\src\BSW\Gen\Dcm\src\DcmDsp\DcmDspUds_Rdtc_GetFreezeFrameDataByRecord.o
Removed output\objs\BSW\src\BSW\Gen\Dcm\src\DcmDsp\DcmDspUds_Rdtc_RepFailedDTC.o
Removed output\objs\BSW\src\BSW\Gen\Dcm\src\DcmDsp\DcmDspUds_Rdtc_RepDTCFaultDetectionCounter.o
Removed output\objs\BSW\src\BSW\Gen\Dcm\src\DcmDsp\DcmDspUds_Rdtc_ReportDTCBySevMaskRec.o
Removed output\objs\BSW\src\BSW\Gen\Dcm\src\DcmDsp\DcmDspUds_Rdtc_RepNumDTCByStatusMask.o
Removed output\objs\BSW\src\BSW\Gen\Dcm\src\DcmDsp\DcmDspUds_Rdtc_RepSeverityOfDTC.o
Removed output\objs\BSW\src\BSW\Gen\Dcm\src\DcmDsp\DcmDspUds_Rdtc_ReportDTCSnapshotRecId.o
Removed output\objs\BSW\src\BSW\Gen\Dcm\src\DcmDsp\DcmDspUds_RequestDownload.o
Removed output\objs\BSW\src\BSW\Gen\Dcm\src\DcmDsp\DcmDspUds_Rdtc_RepSuppDTC.o
Removed output\objs\BSW\src\BSW\Gen\Dcm\src\DcmDsp\DcmDspUds_RequestTransferExit.o
Removed output\objs\BSW\src\BSW\Gen\Dcm\src\DcmDsp\DcmDspUds_Roe.o
Removed output\objs\BSW\src\BSW\Gen\Dcm\src\DcmDsp\DcmDspUds_Rmba.o
Removed output\objs\BSW\src\BSW\Gen\Dcm\src\DcmDsp\DcmDspUds_RequestUpload.o
Removed output\objs\BSW\src\BSW\Gen\Dcm\src\DcmDsp\DcmDspUds_Seca_SecurityIni.o
Removed output\objs\BSW\src\BSW\Gen\Dcm\src\DcmDsp\DcmDspUds_Seca_RestoreDelayCount.o
Removed output\objs\BSW\src\BSW\Gen\Dcm\src\DcmDsp\DcmDspUds_Seca_ChgSecurity.o
Removed output\objs\BSW\src\BSW\Gen\Dcm\src\DcmDsp\DcmDspUds_Seca.o
Removed output\objs\BSW\src\BSW\Gen\Dcm\src\DcmDsp\DcmDspUds_TransferData.o
Removed output\objs\BSW\src\BSW\Gen\Dcm\src\DcmDsp\DcmDspUds_Tp.o
Removed output\objs\BSW\src\BSW\Gen\Dcm\src\DcmDsp\DcmDspUds_Uds_Did_F186.o
Removed output\objs\BSW\src\BSW\Gen\Dcm\src\DcmDsp\DcmDspUds_Wdbi.o
Removed output\objs\BSW\src\BSW\Gen\Dcm\src\DcmDsp\DcmDspUds_Wmba.o
Removed output\objs\BSW\src\BSW\Gen\Dcm\src\Dcm_Dsd_Lib.o
Removed output\objs\BSW\src\BSW\Gen\Dcm\src\Dcm_Dsd_Roe.o
Removed output\objs\BSW\src\BSW\Gen\Dcm\src\Dcm_Dsd_Rdpi.o
Removed output\objs\BSW\src\BSW\Gen\Dcm\src\Dcm_Dsd_StateMachine.o
Removed output\objs\BSW\src\BSW\Gen\Dcm\src\Dcm_Dsl_CopyRxData.o
Removed output\objs\BSW\src\BSW\Gen\Dcm\src\Dcm_Dsl_ComMInteraction.o
Removed output\objs\BSW\src\BSW\Gen\Dcm\src\Dcm_Dsl_CancelTransmit.o
Removed output\objs\BSW\src\BSW\Gen\Dcm\src\Dcm_Dsl_CopyTxData.o
Removed output\objs\BSW\src\BSW\Gen\Dcm\src\Dcm_Dsl_Protocol.o
Removed output\objs\BSW\src\BSW\Gen\Dcm\src\Dcm_Dsl_PagedBuffer.o
Removed output\objs\BSW\src\BSW\Gen\Dcm\src\Dcm_Dsl_Security.o
Removed output\objs\BSW\src\BSW\Gen\Dcm\src\Dcm_Dsl_RxIndication.o
Removed output\objs\BSW\src\BSW\Gen\Dcm\src\Dcm_Dsl_StartOfReception.o
Removed output\objs\BSW\src\BSW\Gen\Dcm\src\Dcm_Dsl_Session.o
Removed output\objs\BSW\src\BSW\Gen\Dcm\src\Dcm_Dsl_StateMachine.o
Removed output\objs\BSW\src\BSW\Gen\Dcm\src\Dcm_Dsl_TxResponse.o
Removed output\objs\BSW\src\BSW\Gen\Dem\src\Dem_ClientClearMachine.o
Removed output\objs\BSW\src\BSW\Gen\Dem\src\Dem_Client.o
Removed output\objs\BSW\src\BSW\Gen\Dem\src\Dem_ClientRequestDispatcher.o
Removed output\objs\BSW\src\BSW\Gen\Dem\src\Dem_ConsisChk.o
Removed output\objs\BSW\src\BSW\Gen\Dem\src\Dem_DebArTime.o
Removed output\objs\BSW\src\BSW\Gen\Dem\src\Dem_Deb.o
Removed output\objs\BSW\src\BSW\Gen\Dem\src\Dem_DebBase.o
Removed output\objs\BSW\src\BSW\Gen\Dem\src\Dem_DebCtrBaseClass.o
Removed output\objs\BSW\src\BSW\Gen\Dem\src\Dem_DisturbanceMemory.o
Removed output\objs\BSW\src\BSW\Gen\Dem\src\Dem_DTCGroup.o
Removed output\objs\BSW\src\BSW\Gen\Dem\src\Dem_DTCFilter.o
Removed output\objs\BSW\src\BSW\Gen\Dem\src\Dem_DTCStatusByte.o
Removed output\objs\BSW\src\BSW\Gen\Dem\src\Dem_DTCs.o
Removed output\objs\BSW\src\BSW\Gen\Dem\src\Dem_EnableCondition.o
Removed output\objs\BSW\src\BSW\Gen\Dem\src\Dem_Prv_J1939Dcm.o
Removed output\objs\BSW\src\BSW\Gen\Dem\src\Dem_EnvDid.o
Removed output\objs\BSW\src\BSW\Gen\Dem\src\Dem_EnvDataElement.o
Removed output\objs\BSW\src\BSW\Gen\Dem\src\Dem_EnvExtendedDataRec.o
Removed output\objs\BSW\src\BSW\Gen\Dem\src\Dem_EnvExtendedData.o
Removed output\objs\BSW\src\BSW\Gen\Dem\src\Dem_EnvFFRecNumeration.o
Removed output\objs\BSW\src\BSW\Gen\Dem\src\Dem_EnvMain.o
Removed output\objs\BSW\src\BSW\Gen\Dem\src\Dem_EnvFreezeFrame.o
Removed output\objs\BSW\src\BSW\Gen\Dem\src\Dem_J1939EnvFreezeFrame.o
Removed output\objs\BSW\src\BSW\Gen\Dem\src\Dem_EvtRelatedData.o
Removed output\objs\BSW\src\BSW\Gen\Dem\src\Dem_EvBuff.o
Removed output\objs\BSW\src\BSW\Gen\Dem\src\Dem_EvBuffDistributor.o
Removed output\objs\BSW\src\BSW\Gen\Dem\src\Dem_EventRecheck.o
Removed output\objs\BSW\src\BSW\Gen\Dem\src\Dem_Dependencies.o
Removed output\objs\BSW\src\BSW\Gen\Dem\src\Dem_Events.o
Removed output\objs\BSW\src\BSW\Gen\Dem\src\Dem_EventFHandling.o
Removed output\objs\BSW\src\BSW\Gen\Dem\src\Dem_EventStatus.o
Removed output\objs\BSW\src\BSW\Gen\Dem\src\Dem_EvMemApi.o
Removed output\objs\BSW\src\BSW\Gen\Dem\src\Dem_EvMem.o
Removed output\objs\BSW\src\BSW\Gen\Dem\src\Dem_Indicator.o
Removed output\objs\BSW\src\BSW\Gen\Dem\src\Dem_EvMemGen.o
Removed output\objs\BSW\src\BSW\Gen\Dem\src\Dem_Clear.o
Removed output\objs\BSW\src\BSW\Gen\Dem\src\Dem_IndicatorAttributes.o
Removed output\objs\BSW\src\BSW\Gen\Dem\src\Dem_GenericNvData.o
Removed output\objs\BSW\src\BSW\Gen\Dem\src\Dem_OperationCycle.o
Removed output\objs\BSW\src\BSW\Gen\Dem\src\Dem_Main.o
Removed output\objs\BSW\src\BSW\Gen\Dem\src\Dem_Mapping.o
Removed output\objs\BSW\src\BSW\Gen\Dem\src\Dem_Nvm.o
Removed output\objs\BSW\src\BSW\Gen\Dem\src\Dem_StorageCondition.o
Removed output\objs\BSW\src\BSW\Gen\Dem\src\Dem_NvmCallbacks.o
Removed output\objs\BSW\src\BSW\Gen\Det\Det.o
Removed output\objs\BSW\src\BSW\Gen\EcuM\EcuM_BootTarget.o
Removed output\objs\BSW\src\BSW\Gen\EcuM\EcuM_KillAllRequests.o
Removed output\objs\BSW\src\BSW\Gen\EcuM\EcuM_CurrentState.o
Removed output\objs\BSW\src\BSW\Gen\EcuM\EcuM_MainFunction.o
Removed output\objs\BSW\src\BSW\Gen\EcuM\EcuM_Misc.o
Removed output\objs\BSW\src\BSW\Gen\EcuM\EcuM_Prv_RteActions.o
Removed output\objs\BSW\src\BSW\Gen\EcuM\EcuM_Prv.o
Removed output\objs\BSW\src\BSW\Gen\EcuM\EcuM_ReleaseRUN.o
Removed output\objs\BSW\src\BSW\Gen\EcuM\EcuM_ReleasePOST_RUN.o
Removed output\objs\BSW\src\BSW\Gen\EcuM\EcuM_RequestRUN.o
Removed output\objs\BSW\src\BSW\Gen\EcuM\EcuM_RequestPOST_RUN.o
Removed output\objs\BSW\src\BSW\Gen\EcuM\EcuM_SetState.o
Removed output\objs\BSW\src\BSW\Gen\EcuM\EcuM_ShutdownServices.o
Removed output\objs\BSW\src\BSW\Gen\EcuM\EcuM_Shutdown.o
Removed output\objs\BSW\src\BSW\Gen\EcuM\EcuM_Sleep.o
Removed output\objs\BSW\src\BSW\Gen\EcuM\EcuM_WakeupServices.o
Removed output\objs\BSW\src\BSW\Gen\EcuM\EcuM_Startup.o
Removed output\objs\BSW\src\BSW\Gen\Fee\Fee_Compatibility.o
Removed output\objs\BSW\src\BSW\Gen\Fee\Fee_Dbg.o
Removed output\objs\BSW\src\BSW\Gen\Fee\Fee_Config.o
Removed output\objs\BSW\src\BSW\Gen\Fee\Fee_Lib.o
Removed output\objs\BSW\src\BSW\Gen\Fee\Fee_Proc.o
Removed output\objs\BSW\src\BSW\Gen\Fee\Fee_Order.o
Removed output\objs\BSW\src\BSW\Gen\Fee\Fee_Medium.o
Removed output\objs\BSW\src\BSW\Gen\MemIf\MemIf.o
Removed output\objs\BSW\src\BSW\Gen\MemIf\MemIf_Rb_MainFunction.o
Removed output\objs\BSW\src\BSW\Gen\MemIf\MemIf_Rb_GetStatus.o
Removed output\objs\BSW\src\BSW\Gen\MemIf\MemIf_MainFunction.o
Removed output\objs\BSW\src\BSW\Gen\Nm\Nm_CheckRemoteSleepIndication.o
Removed output\objs\BSW\src\BSW\Gen\Nm\Nm_BusSleepMode.o
Removed output\objs\BSW\src\BSW\Gen\Nm\Nm.o
Removed output\objs\BSW\src\BSW\Gen\Nm\Nm_CoordReadyToSleepCancellation.o
Removed output\objs\BSW\src\BSW\Gen\Nm\Nm_EnableCommunication.o
Removed output\objs\BSW\src\BSW\Gen\Nm\Nm_DisableCommunication.o
Removed output\objs\BSW\src\BSW\Gen\Nm\Nm_CoordReadyToSleepIndication.o
Removed output\objs\BSW\src\BSW\Gen\Nm\Nm_Extensions.o
Removed output\objs\BSW\src\BSW\Gen\Nm\Nm_GetNodeIdentifier.o
Removed output\objs\BSW\src\BSW\Gen\Nm\Nm_GetLocalNodeIdentifier.o
Removed output\objs\BSW\src\BSW\Gen\Nm\Nm_GetState.o
Removed output\objs\BSW\src\BSW\Gen\Nm\Nm_GetPduData.o
Removed output\objs\BSW\src\BSW\Gen\Nm\Nm_GetUserData.o
Removed output\objs\BSW\src\BSW\Gen\Nm\Nm_Int_NetworkRequest.o
Removed output\objs\BSW\src\BSW\Gen\Nm\Nm_Int_NetworkRelease.o
Removed output\objs\BSW\src\BSW\Gen\Nm\Nm_GetVersionInfo.o
Removed output\objs\BSW\src\BSW\Gen\Nm\Nm_NetworkRelease.o
Removed output\objs\BSW\src\BSW\Gen\Nm\Nm_NetworkMode.o
Removed output\objs\BSW\src\BSW\Gen\Nm\Nm_MainFunction.o
Removed output\objs\BSW\src\BSW\Gen\Nm\Nm_LinNm.o
Removed output\objs\BSW\src\BSW\Gen\Nm\Nm_NetworkRequest.o
Removed output\objs\BSW\src\BSW\Gen\Nm\Nm_PrepareBusSleepMode.o
Removed output\objs\BSW\src\BSW\Gen\Nm\Nm_PassiveStartup.o
Removed output\objs\BSW\src\BSW\Gen\Nm\Nm_NetworkStartIndication.o
Removed output\objs\BSW\src\BSW\Gen\Nm\Nm_RemoteSleepCancellation.o
Removed output\objs\BSW\src\BSW\Gen\Nm\Nm_SetUserData.o
Removed output\objs\BSW\src\BSW\Gen\Nm\Nm_RepeatMessageRequest.o
Removed output\objs\BSW\src\BSW\Gen\Nm\Nm_RemoteSleepIndication.o
Removed output\objs\BSW\src\BSW\Gen\NvM\NvM_BlockData.o
Removed output\objs\BSW\src\BSW\Gen\NvM\NvM_EraseNvBlock.o
Removed output\objs\BSW\src\BSW\Gen\NvM\NvM_CancelWriteAll.o
Removed output\objs\BSW\src\BSW\Gen\NvM\NvM_ErrorDetection.o
Removed output\objs\BSW\src\BSW\Gen\NvM\NvM_GetDataIndex.o
Removed output\objs\BSW\src\BSW\Gen\NvM\NvM_ExplicitSynchronization.o
Removed output\objs\BSW\src\BSW\Gen\NvM\NvM_GetErrorStatus.o
Removed output\objs\BSW\src\BSW\Gen\NvM\NvM_GetVersionInfo.o
Removed output\objs\BSW\src\BSW\Gen\NvM\NvM_InvalidateNvBlock.o
Removed output\objs\BSW\src\BSW\Gen\NvM\NvM_InitAfterReadAll.o
Removed output\objs\BSW\src\BSW\Gen\NvM\NvM_Init.o
Removed output\objs\BSW\src\BSW\Gen\NvM\NvM_MainFunction.o
Removed output\objs\BSW\src\BSW\Gen\NvM\NvM_MainFunctionJobStart.o
Removed output\objs\BSW\src\BSW\Gen\NvM\NvM_MainfunctionJobComplete.o
Removed output\objs\BSW\src\BSW\Gen\NvM\NvM_MainFunctionArbitrate.o
Removed output\objs\BSW\src\BSW\Gen\NvM\NvM_MainFunctionPollResult.o
Removed output\objs\BSW\src\BSW\Gen\NvM\NvM_Queue.o
Removed output\objs\BSW\src\BSW\Gen\NvM\NvM_ProcessMultiBlock.o
Removed output\objs\BSW\src\BSW\Gen\NvM\NvM_MainFunctionResultEval.o
Removed output\objs\BSW\src\BSW\Gen\NvM\NvM_Rb_AuxGetDataIndex.o
Removed output\objs\BSW\src\BSW\Gen\NvM\NvM_Rb_AuxInvalidateNvBlock.o
Removed output\objs\BSW\src\BSW\Gen\NvM\NvM_Rb_AuxGetMigrationResult.o
Removed output\objs\BSW\src\BSW\Gen\NvM\NvM_Rb_AuxGetErrorStatus.o
Removed output\objs\BSW\src\BSW\Gen\NvM\NvM_Rb_AuxReadBlock.o
Removed output\objs\BSW\src\BSW\Gen\NvM\NvM_Rb_FirstInitAll.o
Removed output\objs\BSW\src\BSW\Gen\NvM\NvM_Rb_AuxWriteBlock.o
Removed output\objs\BSW\src\BSW\Gen\NvM\NvM_Rb_AuxSetDataIndex.o
Removed output\objs\BSW\src\BSW\Gen\NvM\NvM_Rb_GetActiveService.o
Removed output\objs\BSW\src\BSW\Gen\NvM\NvM_Rb_GetNvBlockLength.o
Removed output\objs\BSW\src\BSW\Gen\NvM\NvM_Rb_GetMigrationResult.o
Removed output\objs\BSW\src\BSW\Gen\NvM\NvM_Rb_GetBlockId.o
Removed output\objs\BSW\src\BSW\Gen\NvM\NvM_Rb_GetRequestType.o
Removed output\objs\BSW\src\BSW\Gen\NvM\NvM_Rb_WriteMon.o
Removed output\objs\BSW\src\BSW\Gen\NvM\NvM_Rb_SetWriteAllTrigger.o
Removed output\objs\BSW\src\BSW\Gen\NvM\NvM_Rb_GetStatus.o
Removed output\objs\BSW\src\BSW\Gen\NvM\NvM_ReadAll.o
Removed output\objs\BSW\src\BSW\Gen\NvM\NvM_Service.o
Removed output\objs\BSW\src\BSW\Gen\NvM\NvM_RestoreBlockDefaults.o
Removed output\objs\BSW\src\BSW\Gen\NvM\NvM_ReadBlock.o
Removed output\objs\BSW\src\BSW\Gen\NvM\NvM_SetRamBlockStatus.o
Removed output\objs\BSW\src\BSW\Gen\NvM\NvM_SetDataIndex.o
Removed output\objs\BSW\src\BSW\Gen\NvM\NvM_SetBlockProtection.o
Removed output\objs\BSW\src\BSW\Gen\NvM\NvM_SetBlockLockStatus.o
Removed output\objs\BSW\src\BSW\Gen\NvM\NvM_WriteAll.o
Removed output\objs\BSW\src\BSW\Gen\NvM\NvM_ValidateAll.o
Removed output\objs\BSW\src\BSW\Gen\NvM\NvM_WriteBlock.o
Removed output\objs\BSW\src\BSW\Gen\PduR\PduR_Gateway_DDIfTransmit_FiFo.o
Removed output\objs\BSW\src\BSW\Gen\PduR\PduR_EnableDisableRouting.o
Removed output\objs\BSW\src\BSW\Gen\PduR\PduR_BufferPool.o
Removed output\objs\BSW\src\BSW\Gen\PduR\PduR_Gateway_TpDcmTx.o
Removed output\objs\BSW\src\BSW\Gen\PduR\PduR_Gateway_IfRxInd.o
Removed output\objs\BSW\src\BSW\Gen\PduR\PduR_Gateway_DDIfTxConf_NoBuf.o
Removed output\objs\BSW\src\BSW\Gen\PduR\PduR_Gateway_DDIfTxConf_FiFo.o
Removed output\objs\BSW\src\BSW\Gen\PduR\PduR_Gateway_TpTx.o
Removed output\objs\BSW\src\BSW\Gen\PduR\PduR_Gateway_TpRx.o
Removed output\objs\BSW\src\BSW\Gen\PduR\PduR_Gateway_TTIfTransmit_Buf.o
Removed output\objs\BSW\src\BSW\Gen\PduR\PduR_Gateway_TpTxConf.o
Removed output\objs\BSW\src\BSW\Gen\PduR\PduR_Gateway_TTIfTrigTx_Buf.o
Removed output\objs\BSW\src\BSW\Gen\PduR\PduR_Gateway_TTIfTransmit_FiFo.o
Removed output\objs\BSW\src\BSW\Gen\PduR\PduR_Gateway_TTIfTxConf_Buf.o
Removed output\objs\BSW\src\BSW\Gen\PduR\PduR_Gateway_TTIfTrigTx_FiFo.o
Removed output\objs\BSW\src\BSW\Gen\PduR\PduR_Gateway_UpIf.o
Removed output\objs\BSW\src\BSW\Gen\PduR\PduR_Gateway_TTIfTxConf_FiFo.o
Removed output\objs\BSW\src\BSW\Gen\PduR\PduR_GetConfigurationId.o
Removed output\objs\BSW\src\BSW\Gen\PduR\PduR_GetBuffer.o
Removed output\objs\BSW\src\BSW\Gen\PduR\PduR_GetVersionInfo.o
Removed output\objs\BSW\src\BSW\Gen\PduR\PduR_InvalidId_If.o
Removed output\objs\BSW\src\BSW\Gen\PduR\PduR_Init.o
Removed output\objs\BSW\src\BSW\Gen\PduR\PduR_Globals.o
Removed output\objs\BSW\src\BSW\Gen\PduR\PduR_Multicast_LoTpTxToUp.o
Removed output\objs\BSW\src\BSW\Gen\PduR\PduR_InvalidId_UpTx.o
Removed output\objs\BSW\src\BSW\Gen\PduR\PduR_InvalidId_Tp.o
Removed output\objs\BSW\src\BSW\Gen\PduR\PduR_Multicast_Tp.o
Removed output\objs\BSW\src\BSW\Gen\PduR\PduR_Multicast_UpToLo.o
Removed output\objs\BSW\src\BSW\Gen\PduR\PduR_NullFunc_TrigTx.o
Removed output\objs\BSW\src\BSW\Gen\PduR\PduR_Multicast_UpTx.o
Removed output\objs\BSW\src\BSW\Gen\PduR\PduR_Null_UpIf.o
Removed output\objs\BSW\src\BSW\Gen\Rba_DiagLib\rba_DiagLib_ByteOrderUtils.o
Removed output\objs\BSW\src\BSW\Gen\Rba_FeeFs1\rba_FeeFs1_Cancel.o
Removed output\objs\BSW\src\BSW\Gen\Rba_FeeFs1\rba_FeeFs1_BlockMaintenance.o
Removed output\objs\BSW\src\BSW\Gen\Rba_FeeFs1\rba_FeeFs1_Cbk.o
Removed output\objs\BSW\src\BSW\Gen\Rba_FeeFs1\rba_FeeFs1_GetJobResult.o
Removed output\objs\BSW\src\BSW\Gen\Rba_FeeFs1\rba_FeeFs1_EraseImmediateBlock.o
Removed output\objs\BSW\src\BSW\Gen\Rba_FeeFs1\rba_FeeFs1_Det.o
Removed output\objs\BSW\src\BSW\Gen\Rba_FeeFs1\rba_FeeFs1_GetStatus.o
Removed output\objs\BSW\src\BSW\Gen\Rba_FeeFs1\rba_FeeFs1_HlMaintainBlock.o
Removed output\objs\BSW\src\BSW\Gen\Rba_FeeFs1\rba_FeeFs1_GetVersionInfo.o
Removed output\objs\BSW\src\BSW\Gen\Rba_FeeFs1\rba_FeeFs1_HlReadBlock.o
Removed output\objs\BSW\src\BSW\Gen\Rba_FeeFs1\rba_FeeFs1_HlOrderHandling.o
Removed output\objs\BSW\src\BSW\Gen\Rba_FeeFs1\rba_FeeFs1_Init.o
Removed output\objs\BSW\src\BSW\Gen\Rba_FeeFs1\rba_FeeFs1_HlWriteBlock.o
Removed output\objs\BSW\src\BSW\Gen\Rba_FeeFs1\rba_FeeFs1_LlBlockHandling.o
Removed output\objs\BSW\src\BSW\Gen\Rba_FeeFs1\rba_FeeFs1_InvalidateBlock.o
Removed output\objs\BSW\src\BSW\Gen\Rba_FeeFs1\rba_FeeFs1_LlErase.o
Removed output\objs\BSW\src\BSW\Gen\Rba_FeeFs1\rba_FeeFs1_LlDetectSector.o
Removed output\objs\BSW\src\BSW\Gen\Rba_FeeFs1\rba_FeeFs1_LlMarker.o
Removed output\objs\BSW\src\BSW\Gen\Rba_FeeFs1\rba_FeeFs1_LlWriteBlock.o
Removed output\objs\BSW\src\BSW\Gen\Rba_FeeFs1\rba_FeeFs1_LlSectorHandling.o
Removed output\objs\BSW\src\BSW\Gen\Rba_FeeFs1\rba_FeeFs1_LlSearchBlk.o
Removed output\objs\BSW\src\BSW\Gen\Rba_FeeFs1\rba_FeeFs1_MainFunction.o
Removed output\objs\BSW\src\BSW\Gen\Rba_FeeFs1\rba_FeeFs1_Srv.o
Removed output\objs\BSW\src\BSW\Gen\Rba_FeeFs1\rba_FeeFs1_SetMode.o
Removed output\objs\BSW\src\BSW\Gen\Rba_FeeFs1\rba_FeeFs1_Read.o
Removed output\objs\BSW\src\BSW\Gen\Rba_FeeFs1\rba_FeeFs1_Write.o
Removed output\objs\BSW\src\BSW\Gen\WdgM\WdgM_Prv.o
Removed output\objs\BSW\src\BSW\Gen\WdgM\WdgM.o
Removed output\objs\BSW\src\BSW\Gen\Xcp\Xcp.o
Removed output\objs\BSW\src\BSW\Gen\Xcp\XcpOnCan.o
Removed output\objs\BSW\src\BSW\Gen\Xcp\XcpOnEth.o
Removed output\objs\BSW\src\BSW\Gen\Xcp\XcpOnFr.o
Removed output\objs\BSW\src\BSW\Gen\Xcp\Xcp_CmdAllocDaq.o
Removed output\objs\BSW\src\BSW\Gen\Xcp\Xcp_Cmd0xC0Handling.o
Removed output\objs\BSW\src\BSW\Gen\Xcp\Xcp_CmdAllocOdtEntry.o
Removed output\objs\BSW\src\BSW\Gen\Xcp\Xcp_CmdAllocOdt.o
Removed output\objs\BSW\src\BSW\Gen\Xcp\Xcp_CmdBuildChecksum.o
Removed output\objs\BSW\src\BSW\Gen\Xcp\Xcp_CmdCopyCalPage.o
Removed output\objs\BSW\src\BSW\Gen\Xcp\Xcp_CmdConnect.o
Removed output\objs\BSW\src\BSW\Gen\Xcp\Xcp_CmdClearDaqList.o
Removed output\objs\BSW\src\BSW\Gen\Xcp\Xcp_CmdDisconnect.o
Removed output\objs\BSW\src\BSW\Gen\Xcp\Xcp_CmdDownloadNext.o
Removed output\objs\BSW\src\BSW\Gen\Xcp\Xcp_CmdDownloadMax.o
Removed output\objs\BSW\src\BSW\Gen\Xcp\Xcp_CmdDownload.o
Removed output\objs\BSW\src\BSW\Gen\Xcp\Xcp_CmdFreeDaq.o
Removed output\objs\BSW\src\BSW\Gen\Xcp\Xcp_CmdGetCommModeInfo.o
Removed output\objs\BSW\src\BSW\Gen\Xcp\Xcp_CmdGetDaqClock.o
Removed output\objs\BSW\src\BSW\Gen\Xcp\Xcp_CmdGetCalPage.o
Removed output\objs\BSW\src\BSW\Gen\Xcp\Xcp_CmdGetDaqEventInfo.o
Removed output\objs\BSW\src\BSW\Gen\Xcp\Xcp_CmdGetDaqListMode.o
Removed output\objs\BSW\src\BSW\Gen\Xcp\Xcp_CmdGetDaqResolutionInfo.o
Removed output\objs\BSW\src\BSW\Gen\Xcp\Xcp_CmdGetDaqProcessorInfo.o
Removed output\objs\BSW\src\BSW\Gen\Xcp\Xcp_CmdGetId.o
Removed output\objs\BSW\src\BSW\Gen\Xcp\Xcp_CmdGetPagProcessorInfo.o
Removed output\objs\BSW\src\BSW\Gen\Xcp\Xcp_CmdGetPageInfo.o
Removed output\objs\BSW\src\BSW\Gen\Xcp\Xcp_CmdGetSeed.o
Removed output\objs\BSW\src\BSW\Gen\Xcp\Xcp_CmdGetSegmentInfo.o
Removed output\objs\BSW\src\BSW\Gen\Xcp\Xcp_CmdModifyBits.o
Removed output\objs\BSW\src\BSW\Gen\Xcp\Xcp_CmdGetStatus.o
Removed output\objs\BSW\src\BSW\Gen\Xcp\Xcp_CmdReadDaq.o
Removed output\objs\BSW\src\BSW\Gen\Xcp\Xcp_CmdSetCalPage.o
Removed output\objs\BSW\src\BSW\Gen\Xcp\Xcp_CmdSetDaqPtr.o
Removed output\objs\BSW\src\BSW\Gen\Xcp\Xcp_CmdSetDaqListMode.o
Removed output\objs\BSW\src\BSW\Gen\Xcp\Xcp_CmdShortDownload.o
Removed output\objs\BSW\src\BSW\Gen\Xcp\Xcp_CmdSetRequest.o
Removed output\objs\BSW\src\BSW\Gen\Xcp\Xcp_CmdSetMta.o
Removed output\objs\BSW\src\BSW\Gen\Xcp\Xcp_CmdShortUpload.o
Removed output\objs\BSW\src\BSW\Gen\Xcp\Xcp_CmdStartStopDaqList.o
Removed output\objs\BSW\src\BSW\Gen\Xcp\Xcp_CmdStartStopSynch.o
Removed output\objs\BSW\src\BSW\Gen\Xcp\Xcp_CmdSynch.o
Removed output\objs\BSW\src\BSW\Gen\Xcp\Xcp_CmdTransportLayerCmd.o
Removed output\objs\BSW\src\BSW\Gen\Xcp\Xcp_CmdUnlock.o
Removed output\objs\BSW\src\BSW\Gen\Xcp\Xcp_CmdUpload.o
Removed output\objs\BSW\src\BSW\Gen\Xcp\Xcp_CmdUserCmd.o
Removed output\objs\BSW\src\BSW\Gen\Xcp\Xcp_CmdWriteDaq.o
Removed output\objs\BSW\src\BSW\Gen\Xcp\Xcp_DaqEvent.o
Removed output\objs\BSW\src\BSW\Gen\Xcp\Xcp_CmdWriteDaqMultiple.o
Removed output\objs\BSW\src\BSW\Gen\Xcp\Xcp_DaqRam.o
Removed output\objs\BSW\src\BSW\Gen\Xcp\Xcp_EventChannel.o
Removed output\objs\BSW\src\BSW\Gen\Xcp\Xcp_Init.o
Removed output\objs\BSW\src\BSW\Gen\Xcp\Xcp_GetVersionInfo.o
Removed output\objs\BSW\src\BSW\Gen\Xcp\Xcp_QueHandling.o
Removed output\objs\BSW\src\BSW\Gen\Xcp\Xcp_ProductLineMdg1.o
Removed output\objs\BSW\src\BSW\Gen\Xcp\Xcp_ReceiveCommand.o
Removed output\objs\BSW\src\BSW\Gen\Xcp\Xcp_Receive.o
Removed output\objs\BSW\src\BSW\Gen\Xcp\Xcp_SubCmdGetVersion.o
Removed output\objs\BSW\src\BSW\Gen\Xcp\Xcp_Stim.o
Removed output\objs\BSW\src\BSW\Gen\Xcp\Xcp_Transmit.o
Removed output\objs\BSW\src\BSW\Gen\Xcp\Xcp_UtilsStartStop.o
Removed output\objs\BSW\src\BSW\Gen\Xcp\Xcp_Utils.o
Removed output\objs\BSW\src\BSW\Gen\BswM_Cfg.o
Removed output\objs\BSW\src\BSW\Gen\BswM_Cfg_LE.o
Removed output\objs\BSW\src\BSW\Gen\BswM_Cfg_AC.o
Removed output\objs\BSW\src\BSW\Gen\BswM_Cfg_MRP.o
Removed output\objs\BSW\src\BSW\Gen\BswM_Cfg_ModeManagerReq.o
Removed output\objs\BSW\src\BSW\Gen\BswM_PBcfg.o
Removed output\objs\BSW\src\BSW\Gen\BswM_Cfg_RL.o
Removed output\objs\BSW\src\BSW\Gen\CanNm_Cfg.o
Removed output\objs\BSW\src\BSW\Gen\CanIf_PBcfg.o
Removed output\objs\BSW\src\BSW\Gen\CanNm_PBcfg.o
Removed output\objs\BSW\src\BSW\Gen\CanTp_Cfg.o
Removed output\objs\BSW\src\BSW\Gen\CanSM_PBcfg.o
Removed output\objs\BSW\src\BSW\Gen\Com_Cfg.o
Removed output\objs\BSW\src\BSW\Gen\Com_PBcfg.o
Removed output\objs\BSW\src\BSW\Gen\ComM_Main.o
Removed output\objs\BSW\src\BSW\Gen\ComM_Cfg.o
Removed output\objs\BSW\src\BSW\Gen\Crc.o
Removed output\objs\BSW\src\BSW\Gen\ComM_PBcfg.o
Removed output\objs\BSW\src\BSW\Gen\Crc_32.o
Removed output\objs\BSW\src\BSW\Gen\Crc_16.o
Removed output\objs\BSW\src\BSW\Gen\Crc_8.o
Removed output\objs\BSW\src\BSW\Gen\Crc_32P4.o
Removed output\objs\BSW\src\BSW\Gen\Dcm_Lcfg_DslDsd.o
Removed output\objs\BSW\src\BSW\Gen\Crc_8h2f.o
Removed output\objs\BSW\src\BSW\Gen\Dem_Cfg_Clear.o
Removed output\objs\BSW\src\BSW\Gen\Dcm_Lcfg_DspUds.o
Removed output\objs\BSW\src\BSW\Gen\Dem_Cfg_Events_DataStructures.o
Removed output\objs\BSW\src\BSW\Gen\Dem_Cfg_DTC_DataStructures.o
Removed output\objs\BSW\src\BSW\Gen\Dem_Cfg_OperationCycle_DataStructures.o
Removed output\objs\BSW\src\BSW\Gen\Dem_Cfg_NvmCallbacks.o
Removed output\objs\BSW\src\BSW\Gen\EcuM_Cfg_PbExt.o
Removed output\objs\BSW\src\BSW\Gen\EcuM_Cfg.o
Removed output\objs\BSW\src\BSW\Gen\EcuM_Cfg_Shutdown.o
Removed output\objs\BSW\src\BSW\Gen\EcuM_Cfg_RbMo.o
Removed output\objs\BSW\src\BSW\Gen\EcuM_Cfg_Sleep.o
Removed output\objs\BSW\src\BSW\Gen\EcuM_PBcfg.o
Removed output\objs\BSW\src\BSW\Gen\EcuM_Lcfg.o
Removed output\objs\BSW\src\BSW\Gen\EcuM_Cfg_Startup.o
Removed output\objs\BSW\src\BSW\Gen\Fee_Cfg.o
Removed output\objs\BSW\src\BSW\Gen\NvM_Cfg.o
Removed output\objs\BSW\src\BSW\Gen\Nm_Cfg.o
Removed output\objs\BSW\src\BSW\Gen\PduR_Cfg.o
Removed output\objs\BSW\src\BSW\Gen\PduR_dLoIf.o
Removed output\objs\BSW\src\BSW\Gen\PduR_dLoTp.o
Removed output\objs\BSW\src\BSW\Gen\PduR_dUpIf.o
Removed output\objs\BSW\src\BSW\Gen\PduR_LoTp.o
Removed output\objs\BSW\src\BSW\Gen\PduR_dUpTp.o
Removed output\objs\BSW\src\BSW\Gen\PduR_UpIf.o
Removed output\objs\BSW\src\BSW\Gen\PduR_PBcfg.o
Removed output\objs\BSW\src\BSW\Gen\WdgIf_Cfg.o
Removed output\objs\BSW\src\BSW\Gen\PduR_UpTp.o
Removed output\objs\BSW\src\BSW\Gen\WdgM_PBcfg.o
Removed output\objs\BSW\src\BSW\Gen\WdgM_Cfg.o
Removed output\objs\BSW\src\BSW\Gen\XcpOnEth_Cfg.o
Removed output\objs\BSW\src\BSW\Gen\XcpOnCan_Cfg.o
Removed output\objs\BSW\src\BSW\Gen\Xcp_Cfg.o
Removed output\objs\BSW\src\BSW\Gen\XcpOnFr_Cfg.o
Removed output\objs\Integration\BSW\CanIfAppl.o
Removed output\objs\Integration\BSW\BswM_Appl.o
Removed output\objs\Integration\BSW\CanNmAppl.o
Removed output\objs\Integration\BSW\DcmAppl_CheckEncryptionCompressionMethod.o
Removed output\objs\Integration\BSW\ComMAppl.o
Removed output\objs\Integration\BSW\ComAppl.o
Removed output\objs\Integration\BSW\DcmAppl_ConfirmationRespPend.o
Removed output\objs\Integration\BSW\DcmAppl_DcmCheckControlMaskAndState.o
Removed output\objs\Integration\BSW\DcmAppl_DcmCheckCDTCRecord.o
Removed output\objs\Integration\BSW\DcmAppl_DcmCancelPagedBufferProcessing.o
Removed output\objs\Integration\BSW\DcmAppl_DcmCheckRdbiResponseLength.o
Removed output\objs\Integration\BSW\DcmAppl_DcmCheckWDBIReqLen.o
Removed output\objs\Integration\BSW\DcmAppl_DcmCheckSeed.o
Removed output\objs\Integration\BSW\DcmAppl_DcmCheckRoutineControlOptionRecord.o
Removed output\objs\Integration\BSW\DcmAppl_DcmClearRoeEventInformation.o
Removed output\objs\Integration\BSW\DcmAppl_DcmConfirmation.o
Removed output\objs\Integration\BSW\DcmAppl_DcmComModeError.o
Removed output\objs\Integration\BSW\DcmAppl_DcmCommControlConditionCheck.o
Removed output\objs\Integration\BSW\DcmAppl_DcmConfirmationRDPI.o
Removed output\objs\Integration\BSW\DcmAppl_DcmControlDtcSettingEnableStatus.o
Removed output\objs\Integration\BSW\DcmAppl_DcmConfirmation_GeneralReject.o
Removed output\objs\Integration\BSW\DcmAppl_DcmConfirmation_DcmNegResp.o
Removed output\objs\Integration\BSW\DcmAppl_DcmCopyRxData.o
Removed output\objs\Integration\BSW\DcmAppl_DcmGetP2Timings.o
Removed output\objs\Integration\BSW\DcmAppl_DcmGetNRCForMinLengthCheck.o
Removed output\objs\Integration\BSW\DcmAppl_DcmEcuResetPreparation.o
Removed output\objs\Integration\BSW\DcmAppl_DcmGetPermissionForMemoryAccess_u8.o
Removed output\objs\Integration\BSW\DcmAppl_DcmGetROEDidInfo.o
Removed output\objs\Integration\BSW\DcmAppl_DcmGetRemainingResponseLength.o
Removed output\objs\Integration\BSW\DcmAppl_DcmGetPermTxWarmResp.o
Removed output\objs\Integration\BSW\DcmAppl_DcmGetRoeDTCInfo.o
Removed output\objs\Integration\BSW\DcmAppl_DcmGetStoreType.o
Removed output\objs\Integration\BSW\DcmAppl_DcmGetSesChgPermission.o
Removed output\objs\Integration\BSW\DcmAppl_DcmGetRxPermission.o
Removed output\objs\Integration\BSW\DcmAppl_DcmGetUpdatedDelayForPowerOn.o
Removed output\objs\Integration\BSW\DcmAppl_DcmIsComModeDefault.o
Removed output\objs\Integration\BSW\DcmAppl_DcmIndicationFuncTpr.o
Removed output\objs\Integration\BSW\DcmAppl_DcmGetUpdatedDelayTime.o
Removed output\objs\Integration\BSW\DcmAppl_DcmMemSizeCheckForTransferData.o
Removed output\objs\Integration\BSW\DcmAppl_DcmReadDataNRC.o
Removed output\objs\Integration\BSW\DcmAppl_DcmNotification.o
Removed output\objs\Integration\BSW\DcmAppl_DcmModifyResponse.o
Removed output\objs\Integration\BSW\DcmAppl_DcmReadDddiFromNvM.o
Removed output\objs\Integration\BSW\DcmAppl_DcmSecaInvalidKey.o
Removed output\objs\Integration\BSW\DcmAppl_DcmRxIndication.o
Removed output\objs\Integration\BSW\DcmAppl_DcmRespWarmInit.o
Removed output\objs\Integration\BSW\DcmAppl_DcmSecaValidKey.o
Removed output\objs\Integration\BSW\DcmAppl_DcmSetUpRoeEvent.o
Removed output\objs\Integration\BSW\DcmAppl_DcmSesCtrlChangeIndication.o
Removed output\objs\Integration\BSW\DcmAppl_DcmSecurityLevelLocked.o
Removed output\objs\Integration\BSW\DcmAppl_DcmStartOfReception.o
Removed output\objs\Integration\BSW\DcmAppl_DcmStoreRespForJump.o
Removed output\objs\Integration\BSW\DcmAppl_DcmStopProtocol.o
Removed output\objs\Integration\BSW\DcmAppl_DcmStartProtocol.o
Removed output\objs\Integration\BSW\DcmAppl_DcmStoreROEcycleCounter.o
Removed output\objs\Integration\BSW\DcmAppl_DcmSwitchCommunicationControl.o
Removed output\objs\Integration\BSW\DcmAppl_DcmStoreRoeDTCInfo.o
Removed output\objs\Integration\BSW\DcmAppl_DcmStoreRoeDidInfo.o
Removed output\objs\Integration\BSW\DcmAppl_DcmTransferDataCheckPermission.o
Removed output\objs\Integration\BSW\DcmAppl_Dcm_GetProgConditions.o
Removed output\objs\Integration\BSW\DcmAppl_DcmWriteOrClearDddiInNvM.o
Removed output\objs\Integration\BSW\DcmAppl_DcmUpdateRxTable.o
Removed output\objs\Integration\BSW\DcmAppl_Dcm_ProcessRequestDownload.o
Removed output\objs\Integration\BSW\DcmAppl_Dcm_ReadMemory.o
Removed output\objs\Integration\BSW\DcmAppl_Dcm_ProcessRequestUpload.o
Removed output\objs\Integration\BSW\DcmAppl_Dcm_ProcessRequestTransferExit.o
Removed output\objs\Integration\BSW\DcmAppl_Dcm_SetProgConditions.o
Removed output\objs\Integration\BSW\DcmAppl_DisableDTCSetting.o
Removed output\objs\Integration\BSW\DcmAppl_DDDI_Read_Memory_Condition.o
Removed output\objs\Integration\BSW\DcmAppl_Dcm_WriteMemory.o
Removed output\objs\Integration\BSW\DcmAppl_EnableDTCSetting.o
Removed output\objs\Integration\BSW\DcmAppl_OBD_Mode04.o
Removed output\objs\Integration\BSW\DcmAppl_OBD_Callbacks.o
Removed output\objs\Integration\BSW\DcmAppl_ManufacturerNotification.o
Removed output\objs\Integration\BSW\DcmAppl_P3TimeoutIndication.o
Removed output\objs\Integration\BSW\DcmAppl_Switch_DcmDriveToDriveReset.o
Removed output\objs\Integration\BSW\DcmAppl_Switch_DcmDiagnosticSessionControl.o
Removed output\objs\Integration\BSW\DcmAppl_Switch_DcmBootLoaderReset.o
Removed output\objs\Integration\BSW\DcmAppl_Switch_DcmEcuReset.o
Removed output\objs\Integration\BSW\DcmAppl_Switch_DcmExecuteReset.o
Removed output\objs\Integration\BSW\DcmAppl_Switch_DcmExecuteEcuReset.o
Removed output\objs\Integration\BSW\DcmAppl_Switch_DcmExecuteDscReset.o
Removed output\objs\Integration\BSW\DcmAppl_Switch_DcmResponseOnEvent.o
Removed output\objs\Integration\BSW\DcmAppl_UserCommCtrlReEnableModeRuleService.o
Removed output\objs\Integration\BSW\DcmAppl_Switch_DcmSysSupplierReset.o
Removed output\objs\Integration\BSW\DcmAppl_UserDTCSettingEnableModeRuleService.o
Removed output\objs\Integration\BSW\DcmAppl_UserDIDModeRuleService.o
Removed output\objs\Integration\BSW\DcmAppl_UserRIDModeRuleService.o
Removed output\objs\Integration\BSW\DcmAppl_UserMemoryRangeModeRuleService.o
Removed output\objs\Integration\BSW\DcmAppl_UserSubServiceModeRuleService.o
Removed output\objs\Integration\BSW\DcmAppl_UserServiceModeRuleService.o
Removed output\objs\Integration\BSW\Xcp_Appl_Init.o
Removed output\objs\Integration\BSW\PduRAppl.o
Removed output\objs\Integration\BSW\Bsw_OsTasks.o
Removed output\objs\Integration\BSW\BswM_Callout_Stub.o
Removed output\objs\Integration\BSW\CanTp_CallOut.o
Removed output\objs\Integration\BSW\CanIf_RxIndication_Integration.o
Removed output\objs\Integration\BSW\Dem_PrjDisturbanceMemory.o
Removed output\objs\Integration\BSW\Dem_PrjChronoSorting.o
Removed output\objs\Integration\BSW\Dem_PrjEnvDataElement.o
Removed output\objs\Integration\BSW\EcuM_Callout_Stubs.o
Removed output\objs\Integration\BSW\Dem_PrjEvmemProjectExtension.o
Removed output\objs\Integration\BSW\Dem_PrjEraseAllNvMDataHandling.o
Removed output\objs\Integration\BSW\EcuM_integration.o
Removed output\objs\Integration\BSW\rba_BswSrv_MemCopy.o
Removed output\objs\Integration\BSW\rba_BswSrv_MemCompare.o
Removed output\objs\Integration\BSW\Nvm_MultiBlockCallback.o
Removed output\objs\Integration\BSW\rba_BswSrv_MemSet.o
Removed output\objs\Integration\BSW\WdgM_Bsw_User.o
Removed output\objs\Integration\BSW\rba_FeeFs1_SyncRead.o
Removed output\objs\Integration\BSW\Xcp_CalPage.o
Removed output\objs\Integration\BSW\Xcp_BuildChecksum.o
Removed output\objs\Integration\BSW\Xcp_ConnectTransportLayer.o
Removed output\objs\Integration\BSW\Xcp_CmdReceived.o
Removed output\objs\Integration\BSW\Xcp_MemoryAccessProtection.o
Removed output\objs\Integration\BSW\Xcp_GetId.o
Removed output\objs\Integration\BSW\Xcp_MemoryReadWrite.o
Removed output\objs\Integration\BSW\Xcp_StaticAddressTransformation.o
Removed output\objs\Integration\BSW\Xcp_SeedAndKey.o
Removed output\objs\Integration\BSW\Xcp_OdtEntryReadWrite.o
Removed output\objs\Integration\BSW\Xcp_UserCmd.o
Removed output\objs\Integration\BSW\Xcp_Timestamp.o
Removed output\objs\Integration\ECU\ECU_Startup.o
Removed output\objs\Integration\ECU\Integration.o
Removed output\objs\Integration\ECU\Gpt_Notification.o
Removed output\objs\Integration\ECU\TimingCalculation.o
Removed output\objs\Integration\OS\Os_Cbk_GetStopwatch.o
Removed output\objs\Integration\MCAL\Stubs.o
Removed output\objs\Integration\MCAL\OverlayManager\OverlayManager.o
Removed output\objs\Integration\OS\Os_Hooks.o
Removed output\objs\Integration\OS\Os_CPUUtilization.o
Removed output\objs\Integration\OS\Os_Cbk_Idle.o
Removed output\objs\Integration\OS\ProtectionHook.o
Removed output\objs\Integration\OS\Task_Background.o
Removed output\objs\Integration\TargetIntegration\TC275\main.o
Removed output\objs\Integration\TargetIntegration\TC275\Mcal.o
Removed output\objs\Integration\TargetIntegration\TC275\Mcal_DmaLib.o
Removed output\objs\Integration\TargetIntegration\TC275\Mcal_WdgLib.o
Removed output\objs\Integration\TargetIntegration\TC275\Mcal_TcLib.o
Removed output\objs\Integration\TargetIntegration\TC275\SchM.o
Removed output\objs\Integration\TargetIntegration\TC275\McuFunc.o
Removed output\objs\Integration\TargetIntegration\TC275\StartUp.o
Removed output\objs\RTE\Core1_OsTask_BSW_10ms.o
Removed output\objs\RTE\Core1_OsTask_ASW_10ms.o
Removed output\objs\RTE\BSW_OsTask_SwcRequest.o
Removed output\objs\RTE\OsTask_ASW_10ms.o
Removed output\objs\RTE\OsTask_ASW_100ms.o
Removed output\objs\RTE\Core2_OsTask_BSW_10ms.o
Removed output\objs\RTE\Core2_OsTask_ASW_10ms.o
Removed output\objs\RTE\OsTask_BSW_1ms.o
Removed output\objs\RTE\OsTask_BSW_10ms.o
Removed output\objs\RTE\Rte_Lib.o
Removed output\objs\RTE\Rte.o
Removed output\objs\Targets\TC275\MCAL\MCAL_Gen\Can_17_MCanP_PBCfg.o
Removed output\objs\Targets\TC275\MCAL\MCAL_Gen\Fls_17_Pmu_PBCfg.o
Removed output\objs\Targets\TC275\MCAL\MCAL_Gen\Dio_PBCfg.o
Removed output\objs\Targets\TC275\MCAL\MCAL_Gen\Gtm_LCfg.o
Removed output\objs\Targets\TC275\MCAL\MCAL_Gen\Gpt_PBCfg.o
Removed output\objs\Targets\TC275\MCAL\MCAL_Gen\Gtm_PBCfg.o
Removed output\objs\Targets\TC275\MCAL\MCAL_Gen\Port_PBCfg.o
Removed output\objs\Targets\TC275\MCAL\MCAL_Gen\Mcu_PBCfg.o
Removed output\objs\Targets\TC275\MCAL\MCAL_Modules\Can_17_MCanP\Can_17_MCanP.o
Removed output\objs\Targets\TC275\MCAL\MCAL_Modules\Can_17_MCanP\Can_17_MCanP_Platform.o
Removed output\objs\Targets\TC275\MCAL\MCAL_Modules\Dio\Dio_Ver.o
Removed output\objs\Targets\TC275\MCAL\MCAL_Modules\Dio\Dio.o
Removed output\objs\Targets\TC275\MCAL\MCAL_Modules\Fls\Fls_17_Pmu_ac.o
Removed output\objs\Targets\TC275\MCAL\MCAL_Modules\Fls\Fls_17_Pmu.o
Removed output\objs\Targets\TC275\MCAL\MCAL_Modules\Fls\Fls_17_Pmu_Ver.o
Removed output\objs\Targets\TC275\MCAL\MCAL_Modules\Gpt\Gpt_Ver.o
Removed output\objs\Targets\TC275\MCAL\MCAL_Modules\Gpt\Gpt.o
Removed output\objs\Targets\TC275\MCAL\MCAL_Modules\icu_gtmccu6\Icu_17_GtmCcu6.o
Removed output\objs\Targets\TC275\MCAL\MCAL_Modules\icu_gtmccu6\Icu_17_GtmCcu6_Ver.o
Removed output\objs\Targets\TC275\MCAL\MCAL_Modules\icu_gtmccu6\Icu_17_GtmCcu6_Safe.o
Removed output\objs\Targets\TC275\MCAL\MCAL_Modules\Mcu\Gtm_Platform.o
Removed output\objs\Targets\TC275\MCAL\MCAL_Modules\Mcu\Gtm.o
Removed output\objs\Targets\TC275\MCAL\MCAL_Modules\Mcu\Mcu_Dma.o
Removed output\objs\Targets\TC275\MCAL\MCAL_Modules\Mcu\Mcu_Crc.o
Removed output\objs\Targets\TC275\MCAL\MCAL_Modules\Mcu\Mcu.o
Removed output\objs\Targets\TC275\MCAL\MCAL_Modules\Mcu\Mcu_Platform.o
Removed output\objs\Targets\TC275\MCAL\MCAL_Modules\Mcu\Mcu_Ver.o
Removed output\objs\Targets\TC275\MCAL\MCAL_Modules\Port\Port.o
Removed output\objs\Targets\TC275\RTOS_T\Os_setjmp.o
Removed output\objs\Targets\TC275\RTOS_T\Os_longjmp_ext.o
Removed output\objs\Targets\TC275\RTOS_T\Os_Vector.o
Removed output\objs\Targets\TC275\RTOS_T\Os_Traps.o
Removed output\dbg\D_ENTRY_PLATFROM.elf
Removed output\hex\D_ENTRY_PLATFROM.hex
Removed output\s19\D_ENTRY_PLATFROM.s19
scons: done cleaning targets.
