; Input Files 
 "C:\00_JOB\Softwarewc\BSW\_fwd\ecuc_configuration_values_fwd.arxml"
 "C:\00_JOB\Softwarewc\ASW\ASW_BASE\arxml\ASW_BASE.arxml"
 "C:\00_JOB\Softwarewc\ASW\ASW_BASE\arxml\MDG_App_Mode.arxml"
 "C:\00_JOB\Softwarewc\ASW\ASW_COM\arxml\ASW_COM.arxml"
 "C:\00_JOB\Softwarewc\ASW\ASW_COM\arxml\Interface.arxml"
 "C:\00_JOB\Softwarewc\ASW\ASW_CORE1\arxml\ASW_CORE1.arxml"
 "C:\00_JOB\Softwarewc\ASW\ASW_CORE2\arxml\ASW_CORE2.arxml"
 "C:\00_JOB\Softwarewc\ASW\ASW_Dem\arxml\ASW_Dem.arxml"
 "C:\00_JOB\Softwarewc\ASW\ASW_Diag\arxml\ASW_Diag.arxml"
 "C:\00_JOB\Softwarewc\ASW\ASW_NM\arxml\ASW_NM.arxml"
 "C:\00_JOB\Softwarewc\ASW\ASW_NVM\arxml\ASW_NVM.arxml"
 "C:\00_JOB\Softwarewc\ASW\ASW_WDG\arxml\ASW_WDG.arxml"
 "C:\00_JOB\Softwarewc\ASW\ASW_XCP\arxml\ASW_XCP.arxml"
 "C:\00_JOB\Softwarewc\BSW\BswStaticCfg\Data_type\BswM_ModeMapping.arxml"
 "C:\00_JOB\Softwarewc\BSW\ecu_config\bsw\Config\BSW\Basic_Interfaces.arxml"
 "C:\00_JOB\Softwarewc\BSW\ecu_config\bsw\Config\ConfigGen\Com_Stack\Can_Modules\CanIf_EcucValues.arxml"
 "C:\00_JOB\Softwarewc\BSW\ecu_config\bsw\Config\ConfigGen\Com_Stack\Can_Modules\CanNm_EcucValues.arxml"
 "C:\00_JOB\Softwarewc\BSW\ecu_config\bsw\Config\ConfigGen\Com_Stack\Can_Modules\CanSM_EcucValues.arxml"
 "C:\00_JOB\Softwarewc\BSW\ecu_config\bsw\Config\ConfigGen\Com_Stack\Can_Modules\CanTp_EcucValues.arxml"
 "C:\00_JOB\Softwarewc\BSW\ecu_config\bsw\Config\ConfigGen\Com_Stack\Com_EcucValues.arxml"
 "C:\00_JOB\Softwarewc\BSW\ecu_config\bsw\Config\ConfigGen\Com_Stack\Nm_EcuValues.arxml"
 "C:\00_JOB\Softwarewc\BSW\ecu_config\bsw\Config\ConfigGen\Com_Stack\PduR_EcucValues.arxml"
 "C:\00_JOB\Softwarewc\BSW\ecu_config\bsw\Config\ConfigGen\Com_Stack\Xcp_EcucValues.arxml"
 "C:\00_JOB\Softwarewc\BSW\ecu_config\bsw\Config\ConfigGen\Memory_Stack\Fee_EcucValues.arxml"
 "C:\00_JOB\Softwarewc\BSW\ecu_config\bsw\Config\ConfigGen\Memory_Stack\MemIf_EcucValues.arxml"
 "C:\00_JOB\Softwarewc\BSW\ecu_config\bsw\Config\ConfigGen\Memory_Stack\NvM_EcucValues_DIAG.arxml"
 "C:\00_JOB\Softwarewc\BSW\ecu_config\bsw\Config\ConfigGen\Memory_Stack\NvM_EcucValues.arxml"
 "C:\00_JOB\Softwarewc\BSW\ecu_config\bsw\Config\ConfigGen\Mode_Mgm\BswM_EcucValues.arxml"
 "C:\00_JOB\Softwarewc\BSW\ecu_config\bsw\Config\ConfigGen\Mode_Mgm\ComM_EcucValues.arxml"
 "C:\00_JOB\Softwarewc\BSW\ecu_config\bsw\Config\ConfigGen\Mode_Mgm\EcuM_EcucValues.arxml"
 "C:\00_JOB\Softwarewc\BSW\ecu_config\bsw\Config\ConfigGen\Other_Modules\Bfx_EcucValues.arxml"
 "C:\00_JOB\Softwarewc\BSW\ecu_config\bsw\Config\ConfigGen\Other_Modules\EcuC_EcucValues.arxml"
 "C:\00_JOB\Softwarewc\BSW\ecu_config\bsw\Config\ConfigGen\Other_Modules\Platform.arxml"
 "C:\00_JOB\Softwarewc\BSW\ecu_config\bsw\Config\ConfigGen\Rte_Os\OsCfg.arxml"
 "C:\00_JOB\Softwarewc\BSW\ecu_config\bsw\Config\ConfigGen\Rte_Os\OsCfgApplication.arxml"
 "C:\00_JOB\Softwarewc\BSW\ecu_config\bsw\Config\ConfigGen\Rte_Os\RteCfg.arxml"
 "C:\00_JOB\Softwarewc\BSW\ecu_config\bsw\Config\ConfigGen\Services\CRC_EcuValues.arxml"
 "C:\00_JOB\Softwarewc\BSW\ecu_config\bsw\Config\ConfigGen\Services\Dcm_EcucValues.arxml"
 "C:\00_JOB\Softwarewc\BSW\ecu_config\bsw\Config\ConfigGen\Services\Dem_EcucValues.arxml"
 "C:\00_JOB\Softwarewc\BSW\ecu_config\bsw\Config\ConfigGen\Services\Det_EcucValues.arxml"
 "C:\00_JOB\Softwarewc\BSW\ecu_config\bsw\Config\ConfigGen\Services\Watchdog_Modules\Wdg_EcucValues.arxml"
 "C:\00_JOB\Softwarewc\BSW\ecu_config\bsw\Config\ConfigGen\Services\Watchdog_Modules\WdgIf_EcucValues.arxml"
 "C:\00_JOB\Softwarewc\BSW\ecu_config\bsw\Config\ConfigGen\Services\Watchdog_Modules\wdgm_EcucValues.arxml"
 "C:\00_JOB\Softwarewc\BSW\ecu_config\bsw\Config\MCAL\Can_BSWMD.arxml"
 "C:\00_JOB\Softwarewc\BSW\ecu_config\bsw\gen\bswmd\BswM_Cfg_BSWMD.arxml"
 "C:\00_JOB\Softwarewc\BSW\ecu_config\bsw\gen\bswmd\CanIf_BSWMD.arxml"
 "C:\00_JOB\Softwarewc\BSW\ecu_config\bsw\gen\bswmd\CanIf_Cfg_BSWMD.arxml"
 "C:\00_JOB\Softwarewc\BSW\ecu_config\bsw\gen\bswmd\CanNm_BSWMD.arxml"
 "C:\00_JOB\Softwarewc\BSW\ecu_config\bsw\gen\bswmd\CanNm_Cfg_BSWMD.arxml"
 "C:\00_JOB\Softwarewc\BSW\ecu_config\bsw\gen\bswmd\CanSM_BSWMD.arxml"
 "C:\00_JOB\Softwarewc\BSW\ecu_config\bsw\gen\bswmd\CanSM_Cfg_BSWMD.arxml"
 "C:\00_JOB\Softwarewc\BSW\ecu_config\bsw\gen\bswmd\CanTp_Cfg_BSWMD.arxml"
 "C:\00_JOB\Softwarewc\BSW\ecu_config\bsw\gen\bswmd\Com_BSWMD.arxml"
 "C:\00_JOB\Softwarewc\BSW\ecu_config\bsw\gen\bswmd\Com_Cfg_BSWMD.arxml"
 "C:\00_JOB\Softwarewc\BSW\ecu_config\bsw\gen\bswmd\ComM_BSWMD.arxml"
 "C:\00_JOB\Softwarewc\BSW\ecu_config\bsw\gen\bswmd\ComM_Cfg_BSWMD.arxml"
 "C:\00_JOB\Softwarewc\BSW\ecu_config\bsw\gen\bswmd\Crc_Cfg_BSWMD.arxml"
 "C:\00_JOB\Softwarewc\BSW\ecu_config\bsw\gen\bswmd\Dcm_Cfg_BSWMD.arxml"
 "C:\00_JOB\Softwarewc\BSW\ecu_config\bsw\gen\bswmd\Dem_Cfg_BSWMD.arxml"
 "C:\00_JOB\Softwarewc\BSW\ecu_config\bsw\gen\bswmd\EcuM_BSWMD.arxml"
 "C:\00_JOB\Softwarewc\BSW\ecu_config\bsw\gen\bswmd\EcuM_Cfg_BSWMD.arxml"
 "C:\00_JOB\Softwarewc\BSW\ecu_config\bsw\gen\bswmd\Fee_BSWMD.arxml"
 "C:\00_JOB\Softwarewc\BSW\ecu_config\bsw\gen\bswmd\MemIf_Cfg_BSWMD.arxml"
 "C:\00_JOB\Softwarewc\BSW\ecu_config\bsw\gen\bswmd\Nm_BSWMD.arxml"
 "C:\00_JOB\Softwarewc\BSW\ecu_config\bsw\gen\bswmd\Nm_Cfg_BSWMD.arxml"
 "C:\00_JOB\Softwarewc\BSW\ecu_config\bsw\gen\bswmd\NvM_Cfg_BSWMD.arxml"
 "C:\00_JOB\Softwarewc\BSW\ecu_config\bsw\gen\bswmd\NvM_Static_Cfg_BSWMD.arxml"
 "C:\00_JOB\Softwarewc\BSW\ecu_config\bsw\gen\bswmd\PduR_BSWMD.arxml"
 "C:\00_JOB\Softwarewc\BSW\ecu_config\bsw\gen\bswmd\PduR_Cfg_BSWMD.arxml"
 "C:\00_JOB\Softwarewc\BSW\ecu_config\bsw\gen\bswmd\WdgIf_Cfg_BSWMD.arxml"
 "C:\00_JOB\Softwarewc\BSW\ecu_config\bsw\gen\bswmd\WdgM_Cfg_BSWMD.arxml"
 "C:\00_JOB\Softwarewc\BSW\ecu_config\bsw\gen\bswmd\Xcp_Cfg_BSWMD.arxml"
 "C:\00_JOB\Softwarewc\BSW\ecu_config\bsw\gen\bswmd\Xcp_Cfg_ModuleEntries_BSWMD.arxml"
 "C:\00_JOB\Softwarewc\BSW\ecu_config\bsw\gen\CanEcucValues.arxml"
 "C:\00_JOB\Softwarewc\BSW\ecu_config\bsw\gen\ComStack_Types.arxml"
 "C:\00_JOB\Softwarewc\BSW\ecu_config\bsw\gen\swcd\BswM_Cfg_SWCD.arxml"
 "C:\00_JOB\Softwarewc\BSW\ecu_config\bsw\gen\swcd\ComM_Cfg_SWCD.arxml"
 "C:\00_JOB\Softwarewc\BSW\ecu_config\bsw\gen\swcd\ComM_SWCD.arxml"
 "C:\00_JOB\Softwarewc\BSW\ecu_config\bsw\gen\swcd\Dcm_Cfg_SWCD.arxml"
 "C:\00_JOB\Softwarewc\BSW\ecu_config\bsw\gen\swcd\Dem_Cfg_SWCD.arxml"
 "C:\00_JOB\Softwarewc\BSW\ecu_config\bsw\gen\swcd\Det_Cfg_SWCD.arxml"
 "C:\00_JOB\Softwarewc\BSW\ecu_config\bsw\gen\swcd\EcuM_Cfg_SWCD.arxml"
 "C:\00_JOB\Softwarewc\BSW\ecu_config\bsw\gen\swcd\NvM_Cfg_SWCD.arxml"
 "C:\00_JOB\Softwarewc\BSW\ecu_config\bsw\gen\swcd\WdgM_Cfg_SWCD.arxml"
 "C:\00_JOB\Softwarewc\BSW\ecu_config\bsw\internal\bswmd_ecuc_values\CanIf_Prot_EcucValues.arxml"
 "C:\00_JOB\Softwarewc\BSW\ecu_config\bsw\internal\bswmd_ecuc_values\CanNm_Prot_EcucValues.arxml"
 "C:\00_JOB\Softwarewc\BSW\ecu_config\bsw\internal\bswmd_ecuc_values\CanSM_Prot_EcucValues.arxml"
 "C:\00_JOB\Softwarewc\BSW\ecu_config\bsw\internal\bswmd_ecuc_values\Com_Prot_EcucValues.arxml"
 "C:\00_JOB\Softwarewc\BSW\ecu_config\bsw\internal\bswmd_ecuc_values\ComM_Prot_EcucValues.arxml"
 "C:\00_JOB\Softwarewc\BSW\ecu_config\bsw\internal\bswmd_ecuc_values\Nm_Prot_EcucValues.arxml"
 "C:\00_JOB\Softwarewc\BSW\ecu_config\bsw\internal\bswmd_ecuc_values\PduR_Prot_EcucValues.arxml"
 "C:\00_JOB\Softwarewc\BSW\ecu_config\bsw\internal\bswmd_ecuc_values\Xcp_BswMD_EcucValues.arxml"
 "C:\00_JOB\Softwarewc\BSW\ecu_config\bsw\internal\ComStack_EcucValues.arxml"
 "C:\00_JOB\Softwarewc\BSW\ISOLAR_PlatformTypes.arxml"
 "C:\00_JOB\Softwarewc\BSW\MCU_FlatMap.arxml"
 "C:\00_JOB\Softwarewc\BSW\MCU_FlatView_SWCD.arxml"
 "C:\00_JOB\Softwarewc\BSW\system_config\Platform_Types.arxml"
 "C:\00_JOB\Softwarewc\BSW\system_config\PlatformBase_Types.arxml"
 "C:\00_JOB\Softwarewc\BSW\system_config\PlatformBaseOld_Types.arxml"
 "C:\00_JOB\Softwarewc\BSW\system_config\PlatformOld_Types.arxml"
 "C:\00_JOB\Softwarewc\BSW\system_config\PlatformSwBasePatch_Types.arxml"
 "C:\00_JOB\Softwarewc\BSW\system_config\rba_CUCELCompuMethods_BSWMD.arxml"
 "C:\00_JOB\Softwarewc\BSW\system_config\rba_CUCELSwAddrMethod_BSWMD.arxml"
 "C:\00_JOB\Softwarewc\BSW\system_config\Standard_Types.arxml"
 "C:\00_JOB\Softwarewc\BSW\System_EcuExtr.arxml"
 "C:\00_JOB\Softwarewc\BSW\SystemStaticCfg\Composition.arxml"
 "C:\00_JOB\Softwarewc\BSW\SystemStaticCfg\DBC_SysDesc.arxml"
